1570897389398	mozrunner::runner	INFO	Running command: "/usr/bin/firefox" "-marionette" "-foreground" "-no-remote" "-profile" "/tmp/rust_mozprofile0ytHgA"
1570897392234	addons.webextension.screenshots@mozilla.org	WARN	Loading extension 'screenshots@mozilla.org': Reading manifest: Invalid extension permission: mozillaAddons
1570897392234	addons.webextension.screenshots@mozilla.org	WARN	Loading extension 'screenshots@mozilla.org': Reading manifest: Invalid extension permission: telemetry
1570897392235	addons.webextension.screenshots@mozilla.org	WARN	Loading extension 'screenshots@mozilla.org': Reading manifest: Invalid extension permission: resource://pdf.js/
1570897392236	addons.webextension.screenshots@mozilla.org	WARN	Loading extension 'screenshots@mozilla.org': Reading manifest: Invalid extension permission: about:reader*
1570897403517	Marionette	INFO	Listening on port 37559
1570897403584	Marionette	WARN	TLS certificate errors will be ignored for this session
1570897421798	Marionette	INFO	Stopped listening on port 37559
1570897454391	mozrunner::runner	INFO	Running command: "/usr/bin/firefox" "-marionette" "-foreground" "-no-remote" "-profile" "/tmp/rust_mozprofileuTRDJd"
1570897457483	addons.webextension.screenshots@mozilla.org	WARN	Loading extension 'screenshots@mozilla.org': Reading manifest: Invalid extension permission: mozillaAddons
1570897457484	addons.webextension.screenshots@mozilla.org	WARN	Loading extension 'screenshots@mozilla.org': Reading manifest: Invalid extension permission: telemetry
1570897457485	addons.webextension.screenshots@mozilla.org	WARN	Loading extension 'screenshots@mozilla.org': Reading manifest: Invalid extension permission: resource://pdf.js/
1570897457485	addons.webextension.screenshots@mozilla.org	WARN	Loading extension 'screenshots@mozilla.org': Reading manifest: Invalid extension permission: about:reader*
1570897466410	Marionette	INFO	Listening on port 34417
1570897466494	Marionette	WARN	TLS certificate errors will be ignored for this session
1570897506062	Marionette	INFO	Stopped listening on port 34417
1570897508261	mozrunner::runner	INFO	Running command: "/usr/bin/firefox" "-marionette" "-foreground" "-no-remote" "-profile" "/tmp/rust_mozprofileY0mdoP"
1570897510465	addons.webextension.screenshots@mozilla.org	WARN	Loading extension 'screenshots@mozilla.org': Reading manifest: Invalid extension permission: mozillaAddons
1570897510465	addons.webextension.screenshots@mozilla.org	WARN	Loading extension 'screenshots@mozilla.org': Reading manifest: Invalid extension permission: telemetry
1570897510466	addons.webextension.screenshots@mozilla.org	WARN	Loading extension 'screenshots@mozilla.org': Reading manifest: Invalid extension permission: resource://pdf.js/
1570897510467	addons.webextension.screenshots@mozilla.org	WARN	Loading extension 'screenshots@mozilla.org': Reading manifest: Invalid extension permission: about:reader*
1570897519571	Marionette	INFO	Listening on port 39721
1570897519728	Marionette	WARN	TLS certificate errors will be ignored for this session
[Parent 13258, Gecko_IOThread] WARNING: pipe error (138): Connection reset by peer: file /build/firefox-u_TOfh/firefox-69.0.1+linuxmint1+tina/ipc/chromium/src/chrome/common/ipc_channel_posix.cc, line 358
1570897534083	Marionette	INFO	Stopped listening on port 39721
1570897548027	mozrunner::runner	INFO	Running command: "/usr/bin/firefox" "-marionette" "-foreground" "-no-remote" "-profile" "/tmp/rust_mozprofileWnxE46"
1570897550306	addons.webextension.screenshots@mozilla.org	WARN	Loading extension 'screenshots@mozilla.org': Reading manifest: Invalid extension permission: mozillaAddons
1570897550307	addons.webextension.screenshots@mozilla.org	WARN	Loading extension 'screenshots@mozilla.org': Reading manifest: Invalid extension permission: telemetry
1570897550308	addons.webextension.screenshots@mozilla.org	WARN	Loading extension 'screenshots@mozilla.org': Reading manifest: Invalid extension permission: resource://pdf.js/
1570897550308	addons.webextension.screenshots@mozilla.org	WARN	Loading extension 'screenshots@mozilla.org': Reading manifest: Invalid extension permission: about:reader*
1570897558320	Marionette	INFO	Listening on port 33607
1570897558403	Marionette	WARN	TLS certificate errors will be ignored for this session
JavaScript error: https://secure.quantserve.com/quant.js, line 19: NS_ERROR_UNEXPECTED: 

###!!! [Child][RunMessage] Error: Channel closing: too late to send/recv, messages will be lost

console.error: (new Error("SessionFile is closed", "resource:///modules/sessionstore/SessionFile.jsm", 433))
1570897587878	Marionette	INFO	Stopped listening on port 33607
1570897638131	mozrunner::runner	INFO	Running command: "/usr/bin/firefox" "-marionette" "-foreground" "-no-remote" "-profile" "/tmp/rust_mozprofileVuGe49"
1570897640474	addons.webextension.screenshots@mozilla.org	WARN	Loading extension 'screenshots@mozilla.org': Reading manifest: Invalid extension permission: mozillaAddons
1570897640475	addons.webextension.screenshots@mozilla.org	WARN	Loading extension 'screenshots@mozilla.org': Reading manifest: Invalid extension permission: telemetry
1570897640476	addons.webextension.screenshots@mozilla.org	WARN	Loading extension 'screenshots@mozilla.org': Reading manifest: Invalid extension permission: resource://pdf.js/
1570897640476	addons.webextension.screenshots@mozilla.org	WARN	Loading extension 'screenshots@mozilla.org': Reading manifest: Invalid extension permission: about:reader*
1570897648954	Marionette	INFO	Listening on port 40233
1570897649099	Marionette	WARN	TLS certificate errors will be ignored for this session
Exiting due to channel error.
[GFX1-]: Receive IPC close with reason=AbnormalShutdown
[Child 13793, Chrome_ChildThread] WARNING: pipe error (3): Connection reset by peer: file /build/firefox-u_TOfh/firefox-69.0.1+linuxmint1+tina/ipc/chromium/src/chrome/common/ipc_channel_posix.cc, line 358
Exiting due to channel error.
Exiting due to channel error.
1570897758353	mozrunner::runner	INFO	Running command: "/usr/bin/firefox" "-marionette" "-foreground" "-no-remote" "-profile" "/tmp/rust_mozprofileGYDDj8"
1570897760677	addons.webextension.screenshots@mozilla.org	WARN	Loading extension 'screenshots@mozilla.org': Reading manifest: Invalid extension permission: mozillaAddons
1570897760678	addons.webextension.screenshots@mozilla.org	WARN	Loading extension 'screenshots@mozilla.org': Reading manifest: Invalid extension permission: telemetry
1570897760679	addons.webextension.screenshots@mozilla.org	WARN	Loading extension 'screenshots@mozilla.org': Reading manifest: Invalid extension permission: resource://pdf.js/
1570897760679	addons.webextension.screenshots@mozilla.org	WARN	Loading extension 'screenshots@mozilla.org': Reading manifest: Invalid extension permission: about:reader*
1570897769588	Marionette	INFO	Listening on port 45437
1570897769668	Marionette	WARN	TLS certificate errors will be ignored for this session
JavaScript warning: https://s0.2mdn.net/ads/richmedia/studio/15584/15584_20181008021142589_bootstrap.js, line 192: unreachable code after return statement
JavaScript warning: https://s0.2mdn.net/ads/richmedia/studio/pv2/63709210/dirty/fbf.js, line 861: Using //@ to indicate sourceMappingURL pragmas is deprecated. Use //# instead
JavaScript warning: https://s0.2mdn.net/ads/richmedia/studio/pv2/63709210/dirty/fbf.js, line 861: Using //@ to indicate sourceMappingURL pragmas is deprecated. Use //# instead
1570897894999	mozrunner::runner	INFO	Running command: "/usr/bin/firefox" "-marionette" "-foreground" "-no-remote" "-profile" "/tmp/rust_mozprofile5HB1YZ"
1570897898126	addons.webextension.screenshots@mozilla.org	WARN	Loading extension 'screenshots@mozilla.org': Reading manifest: Invalid extension permission: mozillaAddons
1570897898127	addons.webextension.screenshots@mozilla.org	WARN	Loading extension 'screenshots@mozilla.org': Reading manifest: Invalid extension permission: telemetry
1570897898128	addons.webextension.screenshots@mozilla.org	WARN	Loading extension 'screenshots@mozilla.org': Reading manifest: Invalid extension permission: resource://pdf.js/
1570897898128	addons.webextension.screenshots@mozilla.org	WARN	Loading extension 'screenshots@mozilla.org': Reading manifest: Invalid extension permission: about:reader*
1570897909312	Marionette	INFO	Listening on port 34595
1570897909489	Marionette	WARN	TLS certificate errors will be ignored for this session
JavaScript warning: https://s0.2mdn.net/ads/richmedia/studio/15584/15584_20181008021142589_bootstrap.js, line 192: unreachable code after return statement
JavaScript warning: https://s0.2mdn.net/ads/richmedia/studio/pv2/63709210/dirty/fbf.js, line 861: Using //@ to indicate sourceMappingURL pragmas is deprecated. Use //# instead
JavaScript warning: https://s0.2mdn.net/ads/richmedia/studio/pv2/63709210/dirty/fbf.js, line 861: Using //@ to indicate sourceMappingURL pragmas is deprecated. Use //# instead
Extension error: TypeError: result is null moz-extension://66dc5950-1a70-48c0-8535-159c0a1dfce9/js/contentscript-end.js 1111
[[Exception stack
firstRetrieveHandler@moz-extension://66dc5950-1a70-48c0-8535-159c0a1dfce9/js/contentscript-end.js:1111:12
messagingConnector@moz-extension://66dc5950-1a70-48c0-8535-159c0a1dfce9/js/vapi-client.js:177:9
Current stack
applySafeWithoutClone@resource://gre/modules/ExtensionCommon.jsm:594:13
asyncWithoutClone/<@resource://gre/modules/ExtensionCommon.jsm:2400:33
]]
Extension error: TypeError: details is null moz-extension://66dc5950-1a70-48c0-8535-159c0a1dfce9/js/contentscript-end.js 1353
[[Exception stack
proceduresHandler@moz-extension://66dc5950-1a70-48c0-8535-159c0a1dfce9/js/contentscript-end.js:1353:13
messagingConnector@moz-extension://66dc5950-1a70-48c0-8535-159c0a1dfce9/js/vapi-client.js:177:9
Current stack
applySafeWithoutClone@resource://gre/modules/ExtensionCommon.jsm:594:13
asyncWithoutClone/<@resource://gre/modules/ExtensionCommon.jsm:2400:33
]]
Extension error: TypeError: result is null moz-extension://66dc5950-1a70-48c0-8535-159c0a1dfce9/js/contentscript-end.js 1111
[[Exception stack
firstRetrieveHandler@moz-extension://66dc5950-1a70-48c0-8535-159c0a1dfce9/js/contentscript-end.js:1111:12
messagingConnector@moz-extension://66dc5950-1a70-48c0-8535-159c0a1dfce9/js/vapi-client.js:177:9
Current stack
applySafeWithoutClone@resource://gre/modules/ExtensionCommon.jsm:594:13
asyncWithoutClone/<@resource://gre/modules/ExtensionCommon.jsm:2400:33
]]
Extension error: TypeError: details is null moz-extension://66dc5950-1a70-48c0-8535-159c0a1dfce9/js/contentscript-end.js 1353
[[Exception stack
proceduresHandler@moz-extension://66dc5950-1a70-48c0-8535-159c0a1dfce9/js/contentscript-end.js:1353:13
messagingConnector@moz-extension://66dc5950-1a70-48c0-8535-159c0a1dfce9/js/vapi-client.js:177:9
Current stack
applySafeWithoutClone@resource://gre/modules/ExtensionCommon.jsm:594:13
asyncWithoutClone/<@resource://gre/modules/ExtensionCommon.jsm:2400:33
]]
Extension error: TypeError: result is null moz-extension://66dc5950-1a70-48c0-8535-159c0a1dfce9/js/contentscript-end.js 1111
[[Exception stack
firstRetrieveHandler@moz-extension://66dc5950-1a70-48c0-8535-159c0a1dfce9/js/contentscript-end.js:1111:12
messagingConnector@moz-extension://66dc5950-1a70-48c0-8535-159c0a1dfce9/js/vapi-client.js:177:9
Current stack
applySafeWithoutClone@resource://gre/modules/ExtensionCommon.jsm:594:13
asyncWithoutClone/<@resource://gre/modules/ExtensionCommon.jsm:2400:33
]]
Extension error: TypeError: details is null moz-extension://66dc5950-1a70-48c0-8535-159c0a1dfce9/js/contentscript-end.js 1353
[[Exception stack
proceduresHandler@moz-extension://66dc5950-1a70-48c0-8535-159c0a1dfce9/js/contentscript-end.js:1353:13
messagingConnector@moz-extension://66dc5950-1a70-48c0-8535-159c0a1dfce9/js/vapi-client.js:177:9
Current stack
applySafeWithoutClone@resource://gre/modules/ExtensionCommon.jsm:594:13
asyncWithoutClone/<@resource://gre/modules/ExtensionCommon.jsm:2400:33
]]
Extension error: TypeError: result is null moz-extension://66dc5950-1a70-48c0-8535-159c0a1dfce9/js/contentscript-end.js 1111
[[Exception stack
firstRetrieveHandler@moz-extension://66dc5950-1a70-48c0-8535-159c0a1dfce9/js/contentscript-end.js:1111:12
messagingConnector@moz-extension://66dc5950-1a70-48c0-8535-159c0a1dfce9/js/vapi-client.js:177:9
Current stack
applySafeWithoutClone@resource://gre/modules/ExtensionCommon.jsm:594:13
asyncWithoutClone/<@resource://gre/modules/ExtensionCommon.jsm:2400:33
]]
Extension error: TypeError: details is null moz-extension://66dc5950-1a70-48c0-8535-159c0a1dfce9/js/contentscript-end.js 1353
[[Exception stack
proceduresHandler@moz-extension://66dc5950-1a70-48c0-8535-159c0a1dfce9/js/contentscript-end.js:1353:13
messagingConnector@moz-extension://66dc5950-1a70-48c0-8535-159c0a1dfce9/js/vapi-client.js:177:9
Current stack
applySafeWithoutClone@resource://gre/modules/ExtensionCommon.jsm:594:13
asyncWithoutClone/<@resource://gre/modules/ExtensionCommon.jsm:2400:33
]]
Extension error: TypeError: result is null moz-extension://66dc5950-1a70-48c0-8535-159c0a1dfce9/js/contentscript-end.js 1111
[[Exception stack
firstRetrieveHandler@moz-extension://66dc5950-1a70-48c0-8535-159c0a1dfce9/js/contentscript-end.js:1111:12
messagingConnector@moz-extension://66dc5950-1a70-48c0-8535-159c0a1dfce9/js/vapi-client.js:177:9
Current stack
applySafeWithoutClone@resource://gre/modules/ExtensionCommon.jsm:594:13
asyncWithoutClone/<@resource://gre/modules/ExtensionCommon.jsm:2400:33
]]
Extension error: TypeError: details is null moz-extension://66dc5950-1a70-48c0-8535-159c0a1dfce9/js/contentscript-end.js 1353
[[Exception stack
proceduresHandler@moz-extension://66dc5950-1a70-48c0-8535-159c0a1dfce9/js/contentscript-end.js:1353:13
messagingConnector@moz-extension://66dc5950-1a70-48c0-8535-159c0a1dfce9/js/vapi-client.js:177:9
Current stack
applySafeWithoutClone@resource://gre/modules/ExtensionCommon.jsm:594:13
asyncWithoutClone/<@resource://gre/modules/ExtensionCommon.jsm:2400:33
]]
Extension error: TypeError: result is null moz-extension://66dc5950-1a70-48c0-8535-159c0a1dfce9/js/contentscript-end.js 1111
[[Exception stack
firstRetrieveHandler@moz-extension://66dc5950-1a70-48c0-8535-159c0a1dfce9/js/contentscript-end.js:1111:12
messagingConnector@moz-extension://66dc5950-1a70-48c0-8535-159c0a1dfce9/js/vapi-client.js:177:9
Current stack
applySafeWithoutClone@resource://gre/modules/ExtensionCommon.jsm:594:13
asyncWithoutClone/<@resource://gre/modules/ExtensionCommon.jsm:2400:33
]]
Extension error: TypeError: details is null moz-extension://66dc5950-1a70-48c0-8535-159c0a1dfce9/js/contentscript-end.js 1353
[[Exception stack
proceduresHandler@moz-extension://66dc5950-1a70-48c0-8535-159c0a1dfce9/js/contentscript-end.js:1353:13
messagingConnector@moz-extension://66dc5950-1a70-48c0-8535-159c0a1dfce9/js/vapi-client.js:177:9
Current stack
applySafeWithoutClone@resource://gre/modules/ExtensionCommon.jsm:594:13
asyncWithoutClone/<@resource://gre/modules/ExtensionCommon.jsm:2400:33
]]
Extension error: TypeError: result is null moz-extension://66dc5950-1a70-48c0-8535-159c0a1dfce9/js/contentscript-end.js 1111
[[Exception stack
firstRetrieveHandler@moz-extension://66dc5950-1a70-48c0-8535-159c0a1dfce9/js/contentscript-end.js:1111:12
messagingConnector@moz-extension://66dc5950-1a70-48c0-8535-159c0a1dfce9/js/vapi-client.js:177:9
Current stack
applySafeWithoutClone@resource://gre/modules/ExtensionCommon.jsm:594:13
asyncWithoutClone/<@resource://gre/modules/ExtensionCommon.jsm:2400:33
]]
Extension error: TypeError: details is null moz-extension://66dc5950-1a70-48c0-8535-159c0a1dfce9/js/contentscript-end.js 1353
[[Exception stack
proceduresHandler@moz-extension://66dc5950-1a70-48c0-8535-159c0a1dfce9/js/contentscript-end.js:1353:13
messagingConnector@moz-extension://66dc5950-1a70-48c0-8535-159c0a1dfce9/js/vapi-client.js:177:9
Current stack
applySafeWithoutClone@resource://gre/modules/ExtensionCommon.jsm:594:13
asyncWithoutClone/<@resource://gre/modules/ExtensionCommon.jsm:2400:33
]]
Extension error: TypeError: result is null moz-extension://66dc5950-1a70-48c0-8535-159c0a1dfce9/js/contentscript-end.js 1111
[[Exception stack
firstRetrieveHandler@moz-extension://66dc5950-1a70-48c0-8535-159c0a1dfce9/js/contentscript-end.js:1111:12
messagingConnector@moz-extension://66dc5950-1a70-48c0-8535-159c0a1dfce9/js/vapi-client.js:177:9
Current stack
applySafeWithoutClone@resource://gre/modules/ExtensionCommon.jsm:594:13
asyncWithoutClone/<@resource://gre/modules/ExtensionCommon.jsm:2400:33
]]
Extension error: TypeError: details is null moz-extension://66dc5950-1a70-48c0-8535-159c0a1dfce9/js/contentscript-end.js 1353
[[Exception stack
proceduresHandler@moz-extension://66dc5950-1a70-48c0-8535-159c0a1dfce9/js/contentscript-end.js:1353:13
messagingConnector@moz-extension://66dc5950-1a70-48c0-8535-159c0a1dfce9/js/vapi-client.js:177:9
Current stack
applySafeWithoutClone@resource://gre/modules/ExtensionCommon.jsm:594:13
asyncWithoutClone/<@resource://gre/modules/ExtensionCommon.jsm:2400:33
]]
Extension error: TypeError: result is null moz-extension://66dc5950-1a70-48c0-8535-159c0a1dfce9/js/contentscript-end.js 1111
[[Exception stack
firstRetrieveHandler@moz-extension://66dc5950-1a70-48c0-8535-159c0a1dfce9/js/contentscript-end.js:1111:12
messagingConnector@moz-extension://66dc5950-1a70-48c0-8535-159c0a1dfce9/js/vapi-client.js:177:9
Current stack
applySafeWithoutClone@resource://gre/modules/ExtensionCommon.jsm:594:13
asyncWithoutClone/<@resource://gre/modules/ExtensionCommon.jsm:2400:33
]]
Extension error: TypeError: details is null moz-extension://66dc5950-1a70-48c0-8535-159c0a1dfce9/js/contentscript-end.js 1353
[[Exception stack
proceduresHandler@moz-extension://66dc5950-1a70-48c0-8535-159c0a1dfce9/js/contentscript-end.js:1353:13
messagingConnector@moz-extension://66dc5950-1a70-48c0-8535-159c0a1dfce9/js/vapi-client.js:177:9
Current stack
applySafeWithoutClone@resource://gre/modules/ExtensionCommon.jsm:594:13
asyncWithoutClone/<@resource://gre/modules/ExtensionCommon.jsm:2400:33
]]
Extension error: TypeError: result is null moz-extension://66dc5950-1a70-48c0-8535-159c0a1dfce9/js/contentscript-end.js 1111
[[Exception stack
firstRetrieveHandler@moz-extension://66dc5950-1a70-48c0-8535-159c0a1dfce9/js/contentscript-end.js:1111:12
messagingConnector@moz-extension://66dc5950-1a70-48c0-8535-159c0a1dfce9/js/vapi-client.js:177:9
Current stack
applySafeWithoutClone@resource://gre/modules/ExtensionCommon.jsm:594:13
asyncWithoutClone/<@resource://gre/modules/ExtensionCommon.jsm:2400:33
]]
Extension error: TypeError: details is null moz-extension://66dc5950-1a70-48c0-8535-159c0a1dfce9/js/contentscript-end.js 1353
[[Exception stack
proceduresHandler@moz-extension://66dc5950-1a70-48c0-8535-159c0a1dfce9/js/contentscript-end.js:1353:13
messagingConnector@moz-extension://66dc5950-1a70-48c0-8535-159c0a1dfce9/js/vapi-client.js:177:9
Current stack
applySafeWithoutClone@resource://gre/modules/ExtensionCommon.jsm:594:13
asyncWithoutClone/<@resource://gre/modules/ExtensionCommon.jsm:2400:33
]]
Extension error: TypeError: result is null moz-extension://66dc5950-1a70-48c0-8535-159c0a1dfce9/js/contentscript-end.js 1111
[[Exception stack
firstRetrieveHandler@moz-extension://66dc5950-1a70-48c0-8535-159c0a1dfce9/js/contentscript-end.js:1111:12
messagingConnector@moz-extension://66dc5950-1a70-48c0-8535-159c0a1dfce9/js/vapi-client.js:177:9
Current stack
applySafeWithoutClone@resource://gre/modules/ExtensionCommon.jsm:594:13
asyncWithoutClone/<@resource://gre/modules/ExtensionCommon.jsm:2400:33
]]
Extension error: TypeError: details is null moz-extension://66dc5950-1a70-48c0-8535-159c0a1dfce9/js/contentscript-end.js 1353
[[Exception stack
proceduresHandler@moz-extension://66dc5950-1a70-48c0-8535-159c0a1dfce9/js/contentscript-end.js:1353:13
messagingConnector@moz-extension://66dc5950-1a70-48c0-8535-159c0a1dfce9/js/vapi-client.js:177:9
Current stack
applySafeWithoutClone@resource://gre/modules/ExtensionCommon.jsm:594:13
asyncWithoutClone/<@resource://gre/modules/ExtensionCommon.jsm:2400:33
]]
Extension error: TypeError: result is null moz-extension://66dc5950-1a70-48c0-8535-159c0a1dfce9/js/contentscript-end.js 1111
[[Exception stack
firstRetrieveHandler@moz-extension://66dc5950-1a70-48c0-8535-159c0a1dfce9/js/contentscript-end.js:1111:12
messagingConnector@moz-extension://66dc5950-1a70-48c0-8535-159c0a1dfce9/js/vapi-client.js:177:9
Current stack
applySafeWithoutClone@resource://gre/modules/ExtensionCommon.jsm:594:13
asyncWithoutClone/<@resource://gre/modules/ExtensionCommon.jsm:2400:33
]]
Extension error: TypeError: details is null moz-extension://66dc5950-1a70-48c0-8535-159c0a1dfce9/js/contentscript-end.js 1353
[[Exception stack
proceduresHandler@moz-extension://66dc5950-1a70-48c0-8535-159c0a1dfce9/js/contentscript-end.js:1353:13
messagingConnector@moz-extension://66dc5950-1a70-48c0-8535-159c0a1dfce9/js/vapi-client.js:177:9
Current stack
applySafeWithoutClone@resource://gre/modules/ExtensionCommon.jsm:594:13
asyncWithoutClone/<@resource://gre/modules/ExtensionCommon.jsm:2400:33
]]
Extension error: TypeError: result is null moz-extension://66dc5950-1a70-48c0-8535-159c0a1dfce9/js/contentscript-end.js 1111
[[Exception stack
firstRetrieveHandler@moz-extension://66dc5950-1a70-48c0-8535-159c0a1dfce9/js/contentscript-end.js:1111:12
messagingConnector@moz-extension://66dc5950-1a70-48c0-8535-159c0a1dfce9/js/vapi-client.js:177:9
Current stack
applySafeWithoutClone@resource://gre/modules/ExtensionCommon.jsm:594:13
asyncWithoutClone/<@resource://gre/modules/ExtensionCommon.jsm:2400:33
]]
Extension error: TypeError: details is null moz-extension://66dc5950-1a70-48c0-8535-159c0a1dfce9/js/contentscript-end.js 1353
[[Exception stack
proceduresHandler@moz-extension://66dc5950-1a70-48c0-8535-159c0a1dfce9/js/contentscript-end.js:1353:13
messagingConnector@moz-extension://66dc5950-1a70-48c0-8535-159c0a1dfce9/js/vapi-client.js:177:9
Current stack
applySafeWithoutClone@resource://gre/modules/ExtensionCommon.jsm:594:13
asyncWithoutClone/<@resource://gre/modules/ExtensionCommon.jsm:2400:33
]]
Extension error: TypeError: result is null moz-extension://66dc5950-1a70-48c0-8535-159c0a1dfce9/js/contentscript-end.js 1111
[[Exception stack
firstRetrieveHandler@moz-extension://66dc5950-1a70-48c0-8535-159c0a1dfce9/js/contentscript-end.js:1111:12
messagingConnector@moz-extension://66dc5950-1a70-48c0-8535-159c0a1dfce9/js/vapi-client.js:177:9
Current stack
applySafeWithoutClone@resource://gre/modules/ExtensionCommon.jsm:594:13
asyncWithoutClone/<@resource://gre/modules/ExtensionCommon.jsm:2400:33
]]
Extension error: TypeError: details is null moz-extension://66dc5950-1a70-48c0-8535-159c0a1dfce9/js/contentscript-end.js 1353
[[Exception stack
proceduresHandler@moz-extension://66dc5950-1a70-48c0-8535-159c0a1dfce9/js/contentscript-end.js:1353:13
messagingConnector@moz-extension://66dc5950-1a70-48c0-8535-159c0a1dfce9/js/vapi-client.js:177:9
Current stack
applySafeWithoutClone@resource://gre/modules/ExtensionCommon.jsm:594:13
asyncWithoutClone/<@resource://gre/modules/ExtensionCommon.jsm:2400:33
]]
JavaScript error: resource://gre/modules/ExtensionCommon.jsm, line 475: TypeError: this.cloneScope is null
JavaScript error: resource://gre/modules/ExtensionCommon.jsm, line 475: TypeError: this.cloneScope is null
JavaScript error: resource://gre/modules/ExtensionCommon.jsm, line 475: TypeError: this.cloneScope is null
JavaScript error: , line 0: uncaught exception: Object
JavaScript error: , line 0: uncaught exception: Object
JavaScript error: , line 0: uncaught exception: Object
JavaScript error: , line 0: uncaught exception: Object
JavaScript error: , line 0: uncaught exception: Object
JavaScript error: , line 0: uncaught exception: Object
JavaScript error: , line 0: uncaught exception: Object
JavaScript error: , line 0: uncaught exception: Object
JavaScript error: , line 0: uncaught exception: Object
[Parent 14295, Gecko_IOThread] WARNING: pipe error (174): Connection reset by peer: file /build/firefox-u_TOfh/firefox-69.0.1+linuxmint1+tina/ipc/chromium/src/chrome/common/ipc_channel_posix.cc, line 358
[Parent 14295, Gecko_IOThread] WARNING: pipe error (125): Connection reset by peer: file /build/firefox-u_TOfh/firefox-69.0.1+linuxmint1+tina/ipc/chromium/src/chrome/common/ipc_channel_posix.cc, line 358
1570898131990	Marionette	INFO	Stopped listening on port 34595
1570898136705	mozrunner::runner	INFO	Running command: "/usr/bin/firefox" "-marionette" "-foreground" "-no-remote" "-profile" "/tmp/rust_mozprofileZLCko0"
1570898140427	addons.webextension.screenshots@mozilla.org	WARN	Loading extension 'screenshots@mozilla.org': Reading manifest: Invalid extension permission: mozillaAddons
1570898140428	addons.webextension.screenshots@mozilla.org	WARN	Loading extension 'screenshots@mozilla.org': Reading manifest: Invalid extension permission: telemetry
1570898140429	addons.webextension.screenshots@mozilla.org	WARN	Loading extension 'screenshots@mozilla.org': Reading manifest: Invalid extension permission: resource://pdf.js/
1570898140429	addons.webextension.screenshots@mozilla.org	WARN	Loading extension 'screenshots@mozilla.org': Reading manifest: Invalid extension permission: about:reader*
1570898153662	Marionette	INFO	Listening on port 39275
1570898153751	Marionette	WARN	TLS certificate errors will be ignored for this session
JavaScript warning: https://s0.2mdn.net/ads/richmedia/studio/15584/15584_20181008021142589_bootstrap.js, line 192: unreachable code after return statement
JavaScript warning: https://s0.2mdn.net/ads/richmedia/studio/pv2/63709210/dirty/fbf.js, line 861: Using //@ to indicate sourceMappingURL pragmas is deprecated. Use //# instead
JavaScript warning: https://s0.2mdn.net/ads/richmedia/studio/pv2/63709210/dirty/fbf.js, line 861: Using //@ to indicate sourceMappingURL pragmas is deprecated. Use //# instead
[Parent 13998, Gecko_IOThread] WARNING: pipe error (135): Connection reset by peer: file /build/firefox-u_TOfh/firefox-69.0.1+linuxmint1+tina/ipc/chromium/src/chrome/common/ipc_channel_posix.cc, line 358
1570898286689	Marionette	INFO	Stopped listening on port 45437
[Parent 14812, Gecko_IOThread] WARNING: pipe error (112): Connection reset by peer: file /build/firefox-u_TOfh/firefox-69.0.1+linuxmint1+tina/ipc/chromium/src/chrome/common/ipc_channel_posix.cc, line 358
console.error: (new Error("Connection closed before committing the transaction.", "resource://gre/modules/Sqlite.jsm", 683))
1570898288988	Marionette	INFO	Stopped listening on port 39275
1570898589776	mozrunner::runner	INFO	Running command: "/usr/bin/firefox" "-marionette" "-foreground" "-no-remote" "-profile" "/tmp/rust_mozprofileZ4AC3W"
1570898592010	addons.webextension.screenshots@mozilla.org	WARN	Loading extension 'screenshots@mozilla.org': Reading manifest: Invalid extension permission: mozillaAddons
1570898592011	addons.webextension.screenshots@mozilla.org	WARN	Loading extension 'screenshots@mozilla.org': Reading manifest: Invalid extension permission: telemetry
1570898592012	addons.webextension.screenshots@mozilla.org	WARN	Loading extension 'screenshots@mozilla.org': Reading manifest: Invalid extension permission: resource://pdf.js/
1570898592012	addons.webextension.screenshots@mozilla.org	WARN	Loading extension 'screenshots@mozilla.org': Reading manifest: Invalid extension permission: about:reader*
1570898600416	Marionette	INFO	Listening on port 37717
1570898600482	Marionette	WARN	TLS certificate errors will be ignored for this session
JavaScript warning: https://s0.2mdn.net/ads/richmedia/studio/15584/15584_20181008021142589_bootstrap.js, line 192: unreachable code after return statement
JavaScript warning: https://s0.2mdn.net/ads/richmedia/studio/pv2/63709210/dirty/fbf.js, line 861: Using //@ to indicate sourceMappingURL pragmas is deprecated. Use //# instead
JavaScript warning: https://s0.2mdn.net/ads/richmedia/studio/pv2/63709210/dirty/fbf.js, line 861: Using //@ to indicate sourceMappingURL pragmas is deprecated. Use //# instead
1570898638365	Marionette	INFO	Stopped listening on port 37717
1570898647832	mozrunner::runner	INFO	Running command: "/usr/bin/firefox" "-marionette" "-foreground" "-no-remote" "-profile" "/tmp/rust_mozprofileo1JNph"
1570898650098	addons.webextension.screenshots@mozilla.org	WARN	Loading extension 'screenshots@mozilla.org': Reading manifest: Invalid extension permission: mozillaAddons
1570898650099	addons.webextension.screenshots@mozilla.org	WARN	Loading extension 'screenshots@mozilla.org': Reading manifest: Invalid extension permission: telemetry
1570898650100	addons.webextension.screenshots@mozilla.org	WARN	Loading extension 'screenshots@mozilla.org': Reading manifest: Invalid extension permission: resource://pdf.js/
1570898650100	addons.webextension.screenshots@mozilla.org	WARN	Loading extension 'screenshots@mozilla.org': Reading manifest: Invalid extension permission: about:reader*
1570898658209	Marionette	INFO	Listening on port 39493
1570898658327	Marionette	WARN	TLS certificate errors will be ignored for this session

(/usr/lib/firefox/firefox:15739): dconf-WARNING **: 17:44:34.420: Unable to open /var/lib/flatpak/exports/share/dconf/profile/user: Permission denied
JavaScript warning: https://static.adsafeprotected.com/sca.17.4.95.js, line 32: Array.slice is deprecated; use Array.prototype.slice instead
JavaScript warning: https://s0.2mdn.net/ads/richmedia/studio/15584/15584_20181008021142589_bootstrap.js, line 192: unreachable code after return statement
JavaScript warning: https://s0.2mdn.net/ads/richmedia/studio/pv2/63709210/dirty/fbf.js, line 861: Using //@ to indicate sourceMappingURL pragmas is deprecated. Use //# instead
JavaScript warning: https://s0.2mdn.net/ads/richmedia/studio/pv2/63709210/dirty/fbf.js, line 861: Using //@ to indicate sourceMappingURL pragmas is deprecated. Use //# instead
[Parent 15678, Gecko_IOThread] WARNING: pipe error (119): Connection reset by peer: file /build/firefox-u_TOfh/firefox-69.0.1+linuxmint1+tina/ipc/chromium/src/chrome/common/ipc_channel_posix.cc, line 358
1570898706421	Marionette	INFO	Stopped listening on port 39493
1570898721926	mozrunner::runner	INFO	Running command: "/usr/bin/firefox" "-marionette" "-foreground" "-no-remote" "-profile" "/tmp/rust_mozprofilezXNnVW"
1570898724076	addons.webextension.screenshots@mozilla.org	WARN	Loading extension 'screenshots@mozilla.org': Reading manifest: Invalid extension permission: mozillaAddons
1570898724077	addons.webextension.screenshots@mozilla.org	WARN	Loading extension 'screenshots@mozilla.org': Reading manifest: Invalid extension permission: telemetry
1570898724078	addons.webextension.screenshots@mozilla.org	WARN	Loading extension 'screenshots@mozilla.org': Reading manifest: Invalid extension permission: resource://pdf.js/
1570898724078	addons.webextension.screenshots@mozilla.org	WARN	Loading extension 'screenshots@mozilla.org': Reading manifest: Invalid extension permission: about:reader*
1570898732208	Marionette	INFO	Listening on port 45111
1570898732329	Marionette	WARN	TLS certificate errors will be ignored for this session
JavaScript warning: https://s0.2mdn.net/ads/richmedia/studio/15584/15584_20181008021142589_bootstrap.js, line 192: unreachable code after return statement
JavaScript warning: https://s0.2mdn.net/ads/richmedia/studio/pv2/63709210/dirty/fbf.js, line 861: Using //@ to indicate sourceMappingURL pragmas is deprecated. Use //# instead
JavaScript warning: https://s0.2mdn.net/ads/richmedia/studio/pv2/63709210/dirty/fbf.js, line 861: Using //@ to indicate sourceMappingURL pragmas is deprecated. Use //# instead
console.error: (new Error("Connection closed before committing the transaction.", "resource://gre/modules/Sqlite.jsm", 683))
[Parent 15946, Gecko_IOThread] WARNING: pipe error (110): Connection reset by peer: file /build/firefox-u_TOfh/firefox-69.0.1+linuxmint1+tina/ipc/chromium/src/chrome/common/ipc_channel_posix.cc, line 358
1570898866700	Marionette	INFO	Stopped listening on port 45111
1570898922838	mozrunner::runner	INFO	Running command: "/usr/bin/firefox" "-marionette" "-foreground" "-no-remote" "-profile" "/tmp/rust_mozprofile2qO4ny"
1570898925213	addons.webextension.screenshots@mozilla.org	WARN	Loading extension 'screenshots@mozilla.org': Reading manifest: Invalid extension permission: mozillaAddons
1570898925214	addons.webextension.screenshots@mozilla.org	WARN	Loading extension 'screenshots@mozilla.org': Reading manifest: Invalid extension permission: telemetry
1570898925215	addons.webextension.screenshots@mozilla.org	WARN	Loading extension 'screenshots@mozilla.org': Reading manifest: Invalid extension permission: resource://pdf.js/
1570898925215	addons.webextension.screenshots@mozilla.org	WARN	Loading extension 'screenshots@mozilla.org': Reading manifest: Invalid extension permission: about:reader*
1570898933952	Marionette	INFO	Listening on port 39207
1570898934052	Marionette	WARN	TLS certificate errors will be ignored for this session

(/usr/lib/firefox/firefox:16363): dconf-WARNING **: 17:49:12.370: Unable to open /var/lib/flatpak/exports/share/dconf/profile/user: Permission denied
JavaScript warning: https://static.adsafeprotected.com/sca.17.4.95.js, line 32: Array.slice is deprecated; use Array.prototype.slice instead
JavaScript warning: https://s0.2mdn.net/ads/richmedia/studio/15584/15584_20181008021142589_bootstrap.js, line 192: unreachable code after return statement
JavaScript warning: https://s0.2mdn.net/ads/richmedia/studio/pv2/63709210/dirty/fbf.js, line 861: Using //@ to indicate sourceMappingURL pragmas is deprecated. Use //# instead
JavaScript warning: https://s0.2mdn.net/ads/richmedia/studio/pv2/63709210/dirty/fbf.js, line 861: Using //@ to indicate sourceMappingURL pragmas is deprecated. Use //# instead
JavaScript warning: https://s0.2mdn.net/ads/richmedia/studio/15584/15584_20181008021142589_bootstrap.js, line 192: unreachable code after return statement
JavaScript warning: https://s0.2mdn.net/ads/richmedia/studio/pv2/63709210/dirty/fbf.js, line 861: Using //@ to indicate sourceMappingURL pragmas is deprecated. Use //# instead
JavaScript warning: https://s0.2mdn.net/ads/richmedia/studio/pv2/63709210/dirty/fbf.js, line 861: Using //@ to indicate sourceMappingURL pragmas is deprecated. Use //# instead
1570899107765	mozrunner::runner	INFO	Running command: "/usr/bin/firefox" "-marionette" "-foreground" "-no-remote" "-profile" "/tmp/rust_mozprofilepBAuIi"
1570899109935	addons.webextension.screenshots@mozilla.org	WARN	Loading extension 'screenshots@mozilla.org': Reading manifest: Invalid extension permission: mozillaAddons
1570899109936	addons.webextension.screenshots@mozilla.org	WARN	Loading extension 'screenshots@mozilla.org': Reading manifest: Invalid extension permission: telemetry
1570899109938	addons.webextension.screenshots@mozilla.org	WARN	Loading extension 'screenshots@mozilla.org': Reading manifest: Invalid extension permission: resource://pdf.js/
1570899109938	addons.webextension.screenshots@mozilla.org	WARN	Loading extension 'screenshots@mozilla.org': Reading manifest: Invalid extension permission: about:reader*
1570899117725	Marionette	INFO	Listening on port 46085
1570899117766	Marionette	WARN	TLS certificate errors will be ignored for this session

(/usr/lib/firefox/firefox:16941): dconf-WARNING **: 17:52:30.011: Unable to open /var/lib/flatpak/exports/share/dconf/profile/user: Permission denied
JavaScript warning: https://static.adsafeprotected.com/sca.17.4.95.js, line 32: Array.slice is deprecated; use Array.prototype.slice instead
JavaScript warning: https://s0.2mdn.net/ads/richmedia/studio/15584/15584_20181008021142589_bootstrap.js, line 192: unreachable code after return statement
JavaScript warning: https://s0.2mdn.net/ads/richmedia/studio/pv2/63709210/dirty/fbf.js, line 861: Using //@ to indicate sourceMappingURL pragmas is deprecated. Use //# instead
JavaScript warning: https://s0.2mdn.net/ads/richmedia/studio/pv2/63709210/dirty/fbf.js, line 861: Using //@ to indicate sourceMappingURL pragmas is deprecated. Use //# instead
1570899181356	mozrunner::runner	INFO	Running command: "/usr/bin/firefox" "-marionette" "-foreground" "-no-remote" "-profile" "/tmp/rust_mozprofilec3DMJF"
1570899183986	addons.webextension.screenshots@mozilla.org	WARN	Loading extension 'screenshots@mozilla.org': Reading manifest: Invalid extension permission: mozillaAddons
1570899183986	addons.webextension.screenshots@mozilla.org	WARN	Loading extension 'screenshots@mozilla.org': Reading manifest: Invalid extension permission: telemetry
1570899183987	addons.webextension.screenshots@mozilla.org	WARN	Loading extension 'screenshots@mozilla.org': Reading manifest: Invalid extension permission: resource://pdf.js/
1570899183988	addons.webextension.screenshots@mozilla.org	WARN	Loading extension 'screenshots@mozilla.org': Reading manifest: Invalid extension permission: about:reader*
1570899193270	Marionette	INFO	Listening on port 45941
1570899193443	Marionette	WARN	TLS certificate errors will be ignored for this session
JavaScript warning: https://s0.2mdn.net/ads/richmedia/studio/15584/15584_20181008021142589_bootstrap.js, line 192: unreachable code after return statement
JavaScript warning: https://s0.2mdn.net/ads/richmedia/studio/pv2/63709210/dirty/fbf.js, line 861: Using //@ to indicate sourceMappingURL pragmas is deprecated. Use //# instead
JavaScript warning: https://s0.2mdn.net/ads/richmedia/studio/pv2/63709210/dirty/fbf.js, line 861: Using //@ to indicate sourceMappingURL pragmas is deprecated. Use //# instead

(/usr/lib/firefox/firefox:17201): dconf-WARNING **: 17:54:16.928: Unable to open /var/lib/flatpak/exports/share/dconf/profile/user: Permission denied
JavaScript warning: https://static.adsafeprotected.com/sca.17.4.95.js, line 32: Array.slice is deprecated; use Array.prototype.slice instead
JavaScript warning: https://s0.2mdn.net/ads/richmedia/studio/15584/15584_20181008021142589_bootstrap.js, line 192: unreachable code after return statement
JavaScript warning: https://s0.2mdn.net/ads/richmedia/studio/pv2/63709210/dirty/fbf.js, line 861: Using //@ to indicate sourceMappingURL pragmas is deprecated. Use //# instead
JavaScript warning: https://s0.2mdn.net/ads/richmedia/studio/pv2/63709210/dirty/fbf.js, line 861: Using //@ to indicate sourceMappingURL pragmas is deprecated. Use //# instead
console.warn: LoginRecipes: "getRecipes: falling back to a synchronous message for:" "https://www.southampton.gov.uk"
[Parent 16877, Gecko_IOThread] WARNING: pipe error (143): Connection reset by peer: file /build/firefox-u_TOfh/firefox-69.0.1+linuxmint1+tina/ipc/chromium/src/chrome/common/ipc_channel_posix.cc, line 358
1570899593787	Marionette	INFO	Stopped listening on port 46085
console.error: (new Error("Connection closed before committing the transaction.", "resource://gre/modules/Sqlite.jsm", 683))
1570899596602	Marionette	INFO	Stopped listening on port 45941
[Parent 16294, Gecko_IOThread] WARNING: pipe error (134): Connection reset by peer: file /build/firefox-u_TOfh/firefox-69.0.1+linuxmint1+tina/ipc/chromium/src/chrome/common/ipc_channel_posix.cc, line 358
console.error: (new Error("Connection closed before committing the transaction.", "resource://gre/modules/Sqlite.jsm", 683))
1570899599417	Marionette	INFO	Stopped listening on port 39207
1570899874891	mozrunner::runner	INFO	Running command: "/usr/bin/firefox" "-marionette" "-foreground" "-no-remote" "-profile" "/tmp/rust_mozprofileXo0hlD"
1570899876991	addons.webextension.screenshots@mozilla.org	WARN	Loading extension 'screenshots@mozilla.org': Reading manifest: Invalid extension permission: mozillaAddons
1570899876991	addons.webextension.screenshots@mozilla.org	WARN	Loading extension 'screenshots@mozilla.org': Reading manifest: Invalid extension permission: telemetry
1570899876992	addons.webextension.screenshots@mozilla.org	WARN	Loading extension 'screenshots@mozilla.org': Reading manifest: Invalid extension permission: resource://pdf.js/
1570899876993	addons.webextension.screenshots@mozilla.org	WARN	Loading extension 'screenshots@mozilla.org': Reading manifest: Invalid extension permission: about:reader*
1570899884469	Marionette	INFO	Listening on port 38159
1570899884584	Marionette	WARN	TLS certificate errors will be ignored for this session
JavaScript warning: https://s0.2mdn.net/ads/richmedia/studio/15584/15584_20181008021142589_bootstrap.js, line 192: unreachable code after return statement
JavaScript warning: https://s0.2mdn.net/ads/richmedia/studio/pv2/63709210/dirty/fbf.js, line 861: Using //@ to indicate sourceMappingURL pragmas is deprecated. Use //# instead
JavaScript warning: https://s0.2mdn.net/ads/richmedia/studio/pv2/63709210/dirty/fbf.js, line 861: Using //@ to indicate sourceMappingURL pragmas is deprecated. Use //# instead
1570900080658	mozrunner::runner	INFO	Running command: "/usr/bin/firefox" "-marionette" "-foreground" "-no-remote" "-profile" "/tmp/rust_mozprofile0SDsJa"
1570900083108	addons.webextension.screenshots@mozilla.org	WARN	Loading extension 'screenshots@mozilla.org': Reading manifest: Invalid extension permission: mozillaAddons
1570900083108	addons.webextension.screenshots@mozilla.org	WARN	Loading extension 'screenshots@mozilla.org': Reading manifest: Invalid extension permission: telemetry
1570900083109	addons.webextension.screenshots@mozilla.org	WARN	Loading extension 'screenshots@mozilla.org': Reading manifest: Invalid extension permission: resource://pdf.js/
1570900083110	addons.webextension.screenshots@mozilla.org	WARN	Loading extension 'screenshots@mozilla.org': Reading manifest: Invalid extension permission: about:reader*
[Child 18190, Chrome_ChildThread] WARNING: pipe error (3): Connection reset by peer: file /build/firefox-u_TOfh/firefox-69.0.1+linuxmint1+tina/ipc/chromium/src/chrome/common/ipc_channel_posix.cc, line 358
Exiting due to channel error.
Exiting due to channel error.
Exiting due to channel error.
1570900090103	mozrunner::runner	INFO	Running command: "/usr/bin/firefox" "-marionette" "-foreground" "-no-remote" "-profile" "/tmp/rust_mozprofilesBZCM0"
1570900092327	addons.webextension.screenshots@mozilla.org	WARN	Loading extension 'screenshots@mozilla.org': Reading manifest: Invalid extension permission: mozillaAddons
1570900092327	addons.webextension.screenshots@mozilla.org	WARN	Loading extension 'screenshots@mozilla.org': Reading manifest: Invalid extension permission: telemetry
1570900092329	addons.webextension.screenshots@mozilla.org	WARN	Loading extension 'screenshots@mozilla.org': Reading manifest: Invalid extension permission: resource://pdf.js/
1570900092329	addons.webextension.screenshots@mozilla.org	WARN	Loading extension 'screenshots@mozilla.org': Reading manifest: Invalid extension permission: about:reader*
1570900100350	Marionette	INFO	Listening on port 42687
1570900100440	Marionette	WARN	TLS certificate errors will be ignored for this session
JavaScript warning: https://s0.2mdn.net/ads/richmedia/studio/15584/15584_20181008021142589_bootstrap.js, line 192: unreachable code after return statement
JavaScript warning: https://s0.2mdn.net/ads/richmedia/studio/pv2/63709210/dirty/fbf.js, line 861: Using //@ to indicate sourceMappingURL pragmas is deprecated. Use //# instead
JavaScript warning: https://s0.2mdn.net/ads/richmedia/studio/pv2/63709210/dirty/fbf.js, line 861: Using //@ to indicate sourceMappingURL pragmas is deprecated. Use //# instead
1570900242182	mozrunner::runner	INFO	Running command: "/usr/bin/firefox" "-marionette" "-foreground" "-no-remote" "-profile" "/tmp/rust_mozprofileApdGr7"
1570900244440	addons.webextension.screenshots@mozilla.org	WARN	Loading extension 'screenshots@mozilla.org': Reading manifest: Invalid extension permission: mozillaAddons
1570900244440	addons.webextension.screenshots@mozilla.org	WARN	Loading extension 'screenshots@mozilla.org': Reading manifest: Invalid extension permission: telemetry
1570900244441	addons.webextension.screenshots@mozilla.org	WARN	Loading extension 'screenshots@mozilla.org': Reading manifest: Invalid extension permission: resource://pdf.js/
1570900244441	addons.webextension.screenshots@mozilla.org	WARN	Loading extension 'screenshots@mozilla.org': Reading manifest: Invalid extension permission: about:reader*
1570900252684	Marionette	INFO	Listening on port 41767
1570900252799	Marionette	WARN	TLS certificate errors will be ignored for this session
JavaScript warning: https://s0.2mdn.net/ads/richmedia/studio/15584/15584_20181008021142589_bootstrap.js, line 192: unreachable code after return statement

(/usr/lib/firefox/firefox:19232): dconf-WARNING **: 18:11:25.957: Unable to open /var/lib/flatpak/exports/share/dconf/profile/user: Permission denied
JavaScript warning: https://static.adsafeprotected.com/sca.17.4.95.js, line 32: Array.slice is deprecated; use Array.prototype.slice instead
JavaScript warning: https://s0.2mdn.net/ads/richmedia/studio/pv2/63709210/dirty/fbf.js, line 861: Using //@ to indicate sourceMappingURL pragmas is deprecated. Use //# instead
JavaScript warning: https://s0.2mdn.net/ads/richmedia/studio/pv2/63709210/dirty/fbf.js, line 861: Using //@ to indicate sourceMappingURL pragmas is deprecated. Use //# instead
1570900342637	mozrunner::runner	INFO	Running command: "/usr/bin/firefox" "-marionette" "-foreground" "-no-remote" "-profile" "/tmp/rust_mozprofileAZcNQZ"
1570900345214	addons.webextension.screenshots@mozilla.org	WARN	Loading extension 'screenshots@mozilla.org': Reading manifest: Invalid extension permission: mozillaAddons
1570900345215	addons.webextension.screenshots@mozilla.org	WARN	Loading extension 'screenshots@mozilla.org': Reading manifest: Invalid extension permission: telemetry
1570900345216	addons.webextension.screenshots@mozilla.org	WARN	Loading extension 'screenshots@mozilla.org': Reading manifest: Invalid extension permission: resource://pdf.js/
1570900345216	addons.webextension.screenshots@mozilla.org	WARN	Loading extension 'screenshots@mozilla.org': Reading manifest: Invalid extension permission: about:reader*
1570900354526	Marionette	INFO	Listening on port 40377
1570900354613	Marionette	WARN	TLS certificate errors will be ignored for this session
JavaScript warning: https://s0.2mdn.net/ads/richmedia/studio/15584/15584_20181008021142589_bootstrap.js, line 192: unreachable code after return statement
JavaScript warning: https://s0.2mdn.net/ads/richmedia/studio/pv2/63709210/dirty/fbf.js, line 861: Using //@ to indicate sourceMappingURL pragmas is deprecated. Use //# instead
JavaScript warning: https://s0.2mdn.net/ads/richmedia/studio/pv2/63709210/dirty/fbf.js, line 861: Using //@ to indicate sourceMappingURL pragmas is deprecated. Use //# instead
1570900418543	mozrunner::runner	INFO	Running command: "/usr/bin/firefox" "-marionette" "-foreground" "-no-remote" "-profile" "/tmp/rust_mozprofileemVIbA"
console.error: (new Error("Connection closed before committing the transaction.", "resource://gre/modules/Sqlite.jsm", 683))
1570900422137	Marionette	INFO	Stopped listening on port 42687
1570900423566	addons.webextension.screenshots@mozilla.org	WARN	Loading extension 'screenshots@mozilla.org': Reading manifest: Invalid extension permission: mozillaAddons
1570900423567	addons.webextension.screenshots@mozilla.org	WARN	Loading extension 'screenshots@mozilla.org': Reading manifest: Invalid extension permission: telemetry
1570900423568	addons.webextension.screenshots@mozilla.org	WARN	Loading extension 'screenshots@mozilla.org': Reading manifest: Invalid extension permission: resource://pdf.js/
1570900423568	addons.webextension.screenshots@mozilla.org	WARN	Loading extension 'screenshots@mozilla.org': Reading manifest: Invalid extension permission: about:reader*
console.error: (new Error("Connection closed before committing the transaction.", "resource://gre/modules/Sqlite.jsm", 683))
1570900433149	Marionette	INFO	Stopped listening on port 41767
JavaScript error: resource://activity-stream/lib/ActivityStreamPrefs.jsm, line 27: NS_ERROR_ILLEGAL_VALUE: Component returned failure code: 0x80070057 (NS_ERROR_ILLEGAL_VALUE) [nsIPrefBranch.removeObserver]
1570900433896	addons.xpi-utils	WARN	Error: XPI database modified after shutdown began(resource://gre/modules/addons/XPIDatabase.jsm:1483:17) JS Stack trace: saveChanges@XPIDatabase.jsm:1483:17
makeAddonVisible@XPIDatabase.jsm:2286:10
addToDatabase@XPIDatabase.jsm:2213:12
install@XPIInstall.jsm:4343:27
_activateAddon@XPIInstall.jsm:4370:7
1570900433897	addons.xpi-utils	WARN	Error: XPI database modified after shutdown began(resource://gre/modules/addons/XPIDatabase.jsm:1483:17) JS Stack trace: saveChanges@XPIDatabase.jsm:1483:17
addToDatabase@XPIDatabase.jsm:2216:10
install@XPIInstall.jsm:4343:27
_activateAddon@XPIInstall.jsm:4370:7
1570900433911	addons.xpi-utils	WARN	Error: XPI database modified after shutdown began(resource://gre/modules/addons/XPIDatabase.jsm:1483:17) JS Stack trace: saveChanges@XPIDatabase.jsm:1483:17
syncWithDB@XPIProvider.jsm:671:25
addAddon@XPIProvider.jsm:807:14
addAddon@XPIProvider.jsm:1603:21
install@XPIInstall.jsm:4348:17
_activateAddon@XPIInstall.jsm:4370:7
1570900434268	addons.xpi-utils	WARN	Error: XPI database modified after shutdown began(resource://gre/modules/addons/XPIDatabase.jsm:1483:17) JS Stack trace: saveChanges@XPIDatabase.jsm:1483:17
makeAddonVisible@XPIDatabase.jsm:2286:10
addToDatabase@XPIDatabase.jsm:2213:12
install@XPIInstall.jsm:4343:27
_activateAddon@XPIInstall.jsm:4370:7
1570900434274	addons.xpi-utils	WARN	Error: XPI database modified after shutdown began(resource://gre/modules/addons/XPIDatabase.jsm:1483:17) JS Stack trace: saveChanges@XPIDatabase.jsm:1483:17
addToDatabase@XPIDatabase.jsm:2216:10
install@XPIInstall.jsm:4343:27
_activateAddon@XPIInstall.jsm:4370:7
1570900434285	addons.xpi-utils	WARN	Error: XPI database modified after shutdown began(resource://gre/modules/addons/XPIDatabase.jsm:1483:17) JS Stack trace: saveChanges@XPIDatabase.jsm:1483:17
syncWithDB@XPIProvider.jsm:671:25
addAddon@XPIProvider.jsm:807:14
addAddon@XPIProvider.jsm:1603:21
install@XPIInstall.jsm:4348:17
_activateAddon@XPIInstall.jsm:4370:7
1570900434526	addons.xpi-utils	WARN	Error: XPI database modified after shutdown began(resource://gre/modules/addons/XPIDatabase.jsm:1483:17) JS Stack trace: saveChanges@XPIDatabase.jsm:1483:17
makeAddonVisible@XPIDatabase.jsm:2286:10
addToDatabase@XPIDatabase.jsm:2213:12
install@XPIInstall.jsm:4343:27
_activateAddon@XPIInstall.jsm:4370:7
1570900434527	addons.xpi-utils	WARN	Error: XPI database modified after shutdown began(resource://gre/modules/addons/XPIDatabase.jsm:1483:17) JS Stack trace: saveChanges@XPIDatabase.jsm:1483:17
addToDatabase@XPIDatabase.jsm:2216:10
install@XPIInstall.jsm:4343:27
_activateAddon@XPIInstall.jsm:4370:7
1570900434531	addons.xpi-utils	WARN	Error: XPI database modified after shutdown began(resource://gre/modules/addons/XPIDatabase.jsm:1483:17) JS Stack trace: saveChanges@XPIDatabase.jsm:1483:17
syncWithDB@XPIProvider.jsm:671:25
addAddon@XPIProvider.jsm:807:14
addAddon@XPIProvider.jsm:1603:21
install@XPIInstall.jsm:4348:17
_activateAddon@XPIInstall.jsm:4370:7
1570900434647	addons.xpi-utils	WARN	Error: XPI database modified after shutdown began(resource://gre/modules/addons/XPIDatabase.jsm:1483:17) JS Stack trace: saveChanges@XPIDatabase.jsm:1483:17
makeAddonVisible@XPIDatabase.jsm:2286:10
addToDatabase@XPIDatabase.jsm:2213:12
install@XPIInstall.jsm:4343:27
_activateAddon@XPIInstall.jsm:4370:7
1570900434647	addons.xpi-utils	WARN	Error: XPI database modified after shutdown began(resource://gre/modules/addons/XPIDatabase.jsm:1483:17) JS Stack trace: saveChanges@XPIDatabase.jsm:1483:17
addToDatabase@XPIDatabase.jsm:2216:10
install@XPIInstall.jsm:4343:27
_activateAddon@XPIInstall.jsm:4370:7
1570900434649	addons.xpi-utils	WARN	Error: XPI database modified after shutdown began(resource://gre/modules/addons/XPIDatabase.jsm:1483:17) JS Stack trace: saveChanges@XPIDatabase.jsm:1483:17
syncWithDB@XPIProvider.jsm:671:25
addAddon@XPIProvider.jsm:807:14
addAddon@XPIProvider.jsm:1603:21
install@XPIInstall.jsm:4348:17
_activateAddon@XPIInstall.jsm:4370:7
1570900435148	addons.xpi-utils	WARN	Error: XPI database modified after shutdown began(resource://gre/modules/addons/XPIDatabase.jsm:1483:17) JS Stack trace: saveChanges@XPIDatabase.jsm:1483:17
makeAddonVisible@XPIDatabase.jsm:2286:10
addToDatabase@XPIDatabase.jsm:2213:12
install@XPIInstall.jsm:4343:27
_activateAddon@XPIInstall.jsm:4370:7
1570900435148	addons.xpi-utils	WARN	Error: XPI database modified after shutdown began(resource://gre/modules/addons/XPIDatabase.jsm:1483:17) JS Stack trace: saveChanges@XPIDatabase.jsm:1483:17
addToDatabase@XPIDatabase.jsm:2216:10
install@XPIInstall.jsm:4343:27
_activateAddon@XPIInstall.jsm:4370:7
1570900435150	addons.xpi-utils	WARN	Error: XPI database modified after shutdown began(resource://gre/modules/addons/XPIDatabase.jsm:1483:17) JS Stack trace: saveChanges@XPIDatabase.jsm:1483:17
syncWithDB@XPIProvider.jsm:671:25
addAddon@XPIProvider.jsm:807:14
addAddon@XPIProvider.jsm:1603:21
install@XPIInstall.jsm:4348:17
_activateAddon@XPIInstall.jsm:4370:7
JavaScript error: resource://gre/modules/UrlClassifierListManager.jsm, line 602: NS_ERROR_NOT_AVAILABLE: Component returned failure code: 0x80040111 (NS_ERROR_NOT_AVAILABLE) [nsIUrlClassifierStreamUpdater.downloadUpdates]
1570900436808	Marionette	FATAL	Remote protocol server failed to start: [Exception... "Component returned failure code: 0xc1f30001 (NS_ERROR_NOT_INITIALIZED) [nsIServerSocket.asyncListen]"  nsresult: "0xc1f30001 (NS_ERROR_NOT_INITIALIZED)"  location: "JS frame :: chrome://marionette/content/server.js :: set acceptConnections :: line 99"  data: no] Stack trace: set acceptConnections()@server.js:99
start()@server.js:124
init/<()@jar:file:///usr/lib/firefox/omni.ja!/components/marionette.js:499
[Parent 19699, Gecko_IOThread] WARNING: pipe error (84): Connection reset by peer: file /build/firefox-u_TOfh/firefox-69.0.1+linuxmint1+tina/ipc/chromium/src/chrome/common/ipc_channel_posix.cc, line 358
[Parent 19443, Gecko_IOThread] WARNING: pipe error (129): Connection reset by peer: file /build/firefox-u_TOfh/firefox-69.0.1+linuxmint1+tina/ipc/chromium/src/chrome/common/ipc_channel_posix.cc, line 358
console.error: (new Error("Connection closed before committing the transaction.", "resource://gre/modules/Sqlite.jsm", 683))
1570900438212	Marionette	INFO	Stopped listening on port 40377
1570900442643	mozrunner::runner	INFO	Running command: "/usr/bin/firefox" "-marionette" "-foreground" "-no-remote" "-profile" "/tmp/rust_mozprofiletwEQa3"
1570900444843	addons.webextension.screenshots@mozilla.org	WARN	Loading extension 'screenshots@mozilla.org': Reading manifest: Invalid extension permission: mozillaAddons
1570900444843	addons.webextension.screenshots@mozilla.org	WARN	Loading extension 'screenshots@mozilla.org': Reading manifest: Invalid extension permission: telemetry
1570900444844	addons.webextension.screenshots@mozilla.org	WARN	Loading extension 'screenshots@mozilla.org': Reading manifest: Invalid extension permission: resource://pdf.js/
1570900444844	addons.webextension.screenshots@mozilla.org	WARN	Loading extension 'screenshots@mozilla.org': Reading manifest: Invalid extension permission: about:reader*
1570900452617	Marionette	INFO	Listening on port 33339
1570900452706	Marionette	WARN	TLS certificate errors will be ignored for this session
1570900523935	mozrunner::runner	INFO	Running command: "/usr/bin/firefox" "-marionette" "-foreground" "-no-remote" "-profile" "/tmp/rust_mozprofile1nEXd4"
1570900526049	addons.webextension.screenshots@mozilla.org	WARN	Loading extension 'screenshots@mozilla.org': Reading manifest: Invalid extension permission: mozillaAddons
1570900526050	addons.webextension.screenshots@mozilla.org	WARN	Loading extension 'screenshots@mozilla.org': Reading manifest: Invalid extension permission: telemetry
1570900526051	addons.webextension.screenshots@mozilla.org	WARN	Loading extension 'screenshots@mozilla.org': Reading manifest: Invalid extension permission: resource://pdf.js/
1570900526051	addons.webextension.screenshots@mozilla.org	WARN	Loading extension 'screenshots@mozilla.org': Reading manifest: Invalid extension permission: about:reader*
1570900534069	Marionette	INFO	Listening on port 43199
1570900534136	Marionette	WARN	TLS certificate errors will be ignored for this session
JavaScript warning: https://s0.2mdn.net/ads/richmedia/studio/15584/15584_20181008021142589_bootstrap.js, line 192: unreachable code after return statement
JavaScript warning: https://s0.2mdn.net/ads/richmedia/studio/pv2/63709210/dirty/fbf.js, line 861: Using //@ to indicate sourceMappingURL pragmas is deprecated. Use //# instead
JavaScript warning: https://s0.2mdn.net/ads/richmedia/studio/pv2/63709210/dirty/fbf.js, line 861: Using //@ to indicate sourceMappingURL pragmas is deprecated. Use //# instead
JavaScript warning: https://s0.2mdn.net/ads/richmedia/studio/15584/15584_20181008021142589_bootstrap.js, line 192: unreachable code after return statement
JavaScript warning: https://s0.2mdn.net/ads/richmedia/studio/pv2/63709210/dirty/fbf.js, line 861: Using //@ to indicate sourceMappingURL pragmas is deprecated. Use //# instead
JavaScript warning: https://s0.2mdn.net/ads/richmedia/studio/pv2/63709210/dirty/fbf.js, line 861: Using //@ to indicate sourceMappingURL pragmas is deprecated. Use //# instead
1570900578299	mozrunner::runner	INFO	Running command: "/usr/bin/firefox" "-marionette" "-foreground" "-no-remote" "-profile" "/tmp/rust_mozprofileKaBW83"
1570900580859	Marionette	INFO	Stopped listening on port 43199
1570900580960	addons.webextension.screenshots@mozilla.org	WARN	Loading extension 'screenshots@mozilla.org': Reading manifest: Invalid extension permission: mozillaAddons
1570900580960	addons.webextension.screenshots@mozilla.org	WARN	Loading extension 'screenshots@mozilla.org': Reading manifest: Invalid extension permission: telemetry
1570900580963	addons.webextension.screenshots@mozilla.org	WARN	Loading extension 'screenshots@mozilla.org': Reading manifest: Invalid extension permission: resource://pdf.js/
1570900580963	addons.webextension.screenshots@mozilla.org	WARN	Loading extension 'screenshots@mozilla.org': Reading manifest: Invalid extension permission: about:reader*
1570900588947	Marionette	INFO	Listening on port 44305
1570900588994	Marionette	WARN	TLS certificate errors will be ignored for this session
JavaScript warning: https://s0.2mdn.net/ads/richmedia/studio/15584/15584_20181008021142589_bootstrap.js, line 192: unreachable code after return statement
JavaScript warning: https://s0.2mdn.net/ads/richmedia/studio/pv2/63709210/dirty/fbf.js, line 861: Using //@ to indicate sourceMappingURL pragmas is deprecated. Use //# instead
JavaScript warning: https://s0.2mdn.net/ads/richmedia/studio/pv2/63709210/dirty/fbf.js, line 861: Using //@ to indicate sourceMappingURL pragmas is deprecated. Use //# instead

(/usr/lib/firefox/firefox:20430): dconf-WARNING **: 18:17:10.374: Unable to open /var/lib/flatpak/exports/share/dconf/profile/user: Permission denied
JavaScript warning: https://static.adsafeprotected.com/sca.17.4.95.js, line 32: Array.slice is deprecated; use Array.prototype.slice instead
JavaScript warning: https://s0.2mdn.net/ads/richmedia/studio/15584/15584_20181008021142589_bootstrap.js, line 192: unreachable code after return statement
JavaScript warning: https://s0.2mdn.net/ads/richmedia/studio/pv2/63709210/dirty/fbf.js, line 861: Using //@ to indicate sourceMappingURL pragmas is deprecated. Use //# instead
JavaScript warning: https://s0.2mdn.net/ads/richmedia/studio/pv2/63709210/dirty/fbf.js, line 861: Using //@ to indicate sourceMappingURL pragmas is deprecated. Use //# instead
1570900810542	mozrunner::runner	INFO	Running command: "/usr/bin/firefox" "-marionette" "-foreground" "-no-remote" "-profile" "/tmp/rust_mozprofile4UwU7M"
1570900812921	addons.webextension.screenshots@mozilla.org	WARN	Loading extension 'screenshots@mozilla.org': Reading manifest: Invalid extension permission: mozillaAddons
1570900812921	addons.webextension.screenshots@mozilla.org	WARN	Loading extension 'screenshots@mozilla.org': Reading manifest: Invalid extension permission: telemetry
1570900812922	addons.webextension.screenshots@mozilla.org	WARN	Loading extension 'screenshots@mozilla.org': Reading manifest: Invalid extension permission: resource://pdf.js/
1570900812923	addons.webextension.screenshots@mozilla.org	WARN	Loading extension 'screenshots@mozilla.org': Reading manifest: Invalid extension permission: about:reader*

###!!! [Child][RunMessage] Error: Channel closing: too late to send/recv, messages will be lost

[Parent 19893, Gecko_IOThread] WARNING: pipe error (135): Connection reset by peer: file /build/firefox-u_TOfh/firefox-69.0.1+linuxmint1+tina/ipc/chromium/src/chrome/common/ipc_channel_posix.cc, line 358
console.error: (new Error("Connection closed before committing the transaction.", "resource://gre/modules/Sqlite.jsm", 683))
1570900816489	Marionette	INFO	Stopped listening on port 33339

###!!! [Child][RunMessage] Error: Channel closing: too late to send/recv, messages will be lost


###!!! [Child][RunMessage] Error: Channel closing: too late to send/recv, messages will be lost


###!!! [Child][RunMessage] Error: Channel closing: too late to send/recv, messages will be lost


###!!! [Child][RunMessage] Error: Channel closing: too late to send/recv, messages will be lost


###!!! [Child][RunMessage] Error: Channel closing: too late to send/recv, messages will be lost


###!!! [Child][RunMessage] Error: Channel closing: too late to send/recv, messages will be lost


###!!! [Child][RunMessage] Error: Channel closing: too late to send/recv, messages will be lost

console.error: (new Error("Connection closed before committing the transaction.", "resource://gre/modules/Sqlite.jsm", 683))
1570900820729	Marionette	INFO	Stopped listening on port 44305
1570900824005	Marionette	INFO	Listening on port 40563
1570900824104	Marionette	WARN	TLS certificate errors will be ignored for this session
JavaScript warning: https://s0.2mdn.net/ads/richmedia/studio/15584/15584_20181008021142589_bootstrap.js, line 192: unreachable code after return statement
JavaScript warning: https://s0.2mdn.net/ads/richmedia/studio/pv2/63709210/dirty/fbf.js, line 861: Using //@ to indicate sourceMappingURL pragmas is deprecated. Use //# instead
JavaScript warning: https://s0.2mdn.net/ads/richmedia/studio/pv2/63709210/dirty/fbf.js, line 861: Using //@ to indicate sourceMappingURL pragmas is deprecated. Use //# instead
JavaScript warning: https://s0.2mdn.net/ads/richmedia/studio/15584/15584_20181008021142589_bootstrap.js, line 192: unreachable code after return statement
JavaScript warning: https://s0.2mdn.net/ads/richmedia/studio/pv2/63709210/dirty/fbf.js, line 861: Using //@ to indicate sourceMappingURL pragmas is deprecated. Use //# instead
JavaScript warning: https://s0.2mdn.net/ads/richmedia/studio/pv2/63709210/dirty/fbf.js, line 861: Using //@ to indicate sourceMappingURL pragmas is deprecated. Use //# instead
1570900980873	mozrunner::runner	INFO	Running command: "/usr/bin/firefox" "-marionette" "-foreground" "-no-remote" "-profile" "/tmp/rust_mozprofilesDbXXn"
1570900983330	addons.webextension.screenshots@mozilla.org	WARN	Loading extension 'screenshots@mozilla.org': Reading manifest: Invalid extension permission: mozillaAddons
1570900983331	addons.webextension.screenshots@mozilla.org	WARN	Loading extension 'screenshots@mozilla.org': Reading manifest: Invalid extension permission: telemetry
1570900983332	addons.webextension.screenshots@mozilla.org	WARN	Loading extension 'screenshots@mozilla.org': Reading manifest: Invalid extension permission: resource://pdf.js/
1570900983332	addons.webextension.screenshots@mozilla.org	WARN	Loading extension 'screenshots@mozilla.org': Reading manifest: Invalid extension permission: about:reader*

###!!! [Child][RunMessage] Error: Channel closing: too late to send/recv, messages will be lost

[Parent 20763, Gecko_IOThread] WARNING: pipe error (135): Connection reset by peer: file /build/firefox-u_TOfh/firefox-69.0.1+linuxmint1+tina/ipc/chromium/src/chrome/common/ipc_channel_posix.cc, line 358
console.error: (new Error("Connection closed before committing the transaction.", "resource://gre/modules/Sqlite.jsm", 683))
1570900984711	Marionette	INFO	Stopped listening on port 40563
1570900991630	Marionette	INFO	Listening on port 42299
1570900991691	Marionette	WARN	TLS certificate errors will be ignored for this session
JavaScript warning: https://s0.2mdn.net/ads/richmedia/studio/15584/15584_20181008021142589_bootstrap.js, line 192: unreachable code after return statement
JavaScript warning: https://s0.2mdn.net/ads/richmedia/studio/pv2/63709210/dirty/fbf.js, line 861: Using //@ to indicate sourceMappingURL pragmas is deprecated. Use //# instead
JavaScript warning: https://s0.2mdn.net/ads/richmedia/studio/pv2/63709210/dirty/fbf.js, line 861: Using //@ to indicate sourceMappingURL pragmas is deprecated. Use //# instead
1570901087645	mozrunner::runner	INFO	Running command: "/usr/bin/firefox" "-marionette" "-foreground" "-no-remote" "-profile" "/tmp/rust_mozprofilerAeCNm"
1570901089788	addons.webextension.screenshots@mozilla.org	WARN	Loading extension 'screenshots@mozilla.org': Reading manifest: Invalid extension permission: mozillaAddons
1570901089789	addons.webextension.screenshots@mozilla.org	WARN	Loading extension 'screenshots@mozilla.org': Reading manifest: Invalid extension permission: telemetry
1570901089790	addons.webextension.screenshots@mozilla.org	WARN	Loading extension 'screenshots@mozilla.org': Reading manifest: Invalid extension permission: resource://pdf.js/
1570901089790	addons.webextension.screenshots@mozilla.org	WARN	Loading extension 'screenshots@mozilla.org': Reading manifest: Invalid extension permission: about:reader*
Exiting due to channel error.
[Child 21199, Chrome_ChildThread] WARNING: pipe error (3): Connection reset by peer: file /build/firefox-u_TOfh/firefox-69.0.1+linuxmint1+tina/ipc/chromium/src/chrome/common/ipc_channel_posix.cc, line 358
Exiting due to channel error.
Exiting due to channel error.
1570901098395	mozrunner::runner	INFO	Running command: "/usr/bin/firefox" "-marionette" "-foreground" "-no-remote" "-profile" "/tmp/rust_mozprofilee2g4xC"
1570901100630	addons.webextension.screenshots@mozilla.org	WARN	Loading extension 'screenshots@mozilla.org': Reading manifest: Invalid extension permission: mozillaAddons
1570901100631	addons.webextension.screenshots@mozilla.org	WARN	Loading extension 'screenshots@mozilla.org': Reading manifest: Invalid extension permission: telemetry
1570901100632	addons.webextension.screenshots@mozilla.org	WARN	Loading extension 'screenshots@mozilla.org': Reading manifest: Invalid extension permission: resource://pdf.js/
1570901100632	addons.webextension.screenshots@mozilla.org	WARN	Loading extension 'screenshots@mozilla.org': Reading manifest: Invalid extension permission: about:reader*
1570901108553	Marionette	INFO	Listening on port 44879
1570901108641	Marionette	WARN	TLS certificate errors will be ignored for this session
JavaScript warning: https://s0.2mdn.net/ads/richmedia/studio/15584/15584_20181008021142589_bootstrap.js, line 192: unreachable code after return statement
JavaScript warning: https://s0.2mdn.net/ads/richmedia/studio/pv2/63709210/dirty/fbf.js, line 861: Using //@ to indicate sourceMappingURL pragmas is deprecated. Use //# instead
JavaScript warning: https://s0.2mdn.net/ads/richmedia/studio/pv2/63709210/dirty/fbf.js, line 861: Using //@ to indicate sourceMappingURL pragmas is deprecated. Use //# instead

(/usr/lib/firefox/firefox:21535): dconf-WARNING **: 18:25:32.631: Unable to open /var/lib/flatpak/exports/share/dconf/profile/user: Permission denied
JavaScript warning: https://static.adsafeprotected.com/sca.17.4.95.js, line 32: Array.slice is deprecated; use Array.prototype.slice instead
JavaScript warning: https://static.adsafeprotected.com/sca.17.4.95.js, line 32: Array.slice is deprecated; use Array.prototype.slice instead
JavaScript error: https://fw.adsafeprotected.com/rjss/www.googletagservices.com/336480/39481861/dcm/dcmads.js, line 1129: TypeError: d is undefined
JavaScript error: https://fw.adsafeprotected.com/rjss/www.googletagservices.com/336480/39481861/dcm/dcmads.js, line 1129: TypeError: d is undefined
1570901157402	mozrunner::runner	INFO	Running command: "/usr/bin/firefox" "-marionette" "-foreground" "-no-remote" "-profile" "/tmp/rust_mozprofileKM3wGY"
1570901160856	addons.webextension.screenshots@mozilla.org	WARN	Loading extension 'screenshots@mozilla.org': Reading manifest: Invalid extension permission: mozillaAddons
1570901160857	addons.webextension.screenshots@mozilla.org	WARN	Loading extension 'screenshots@mozilla.org': Reading manifest: Invalid extension permission: telemetry
1570901160857	addons.webextension.screenshots@mozilla.org	WARN	Loading extension 'screenshots@mozilla.org': Reading manifest: Invalid extension permission: resource://pdf.js/
1570901160858	addons.webextension.screenshots@mozilla.org	WARN	Loading extension 'screenshots@mozilla.org': Reading manifest: Invalid extension permission: about:reader*
JavaScript warning: https://s0.2mdn.net/ads/richmedia/studio/15584/15584_20181008021142589_bootstrap.js, line 192: unreachable code after return statement
JavaScript warning: https://s0.2mdn.net/ads/richmedia/studio/pv2/63709210/dirty/fbf.js, line 861: Using //@ to indicate sourceMappingURL pragmas is deprecated. Use //# instead
JavaScript warning: https://s0.2mdn.net/ads/richmedia/studio/pv2/63709210/dirty/fbf.js, line 861: Using //@ to indicate sourceMappingURL pragmas is deprecated. Use //# instead
1570901171875	Marionette	INFO	Listening on port 42777
1570901171935	Marionette	WARN	TLS certificate errors will be ignored for this session
JavaScript warning: https://s0.2mdn.net/ads/richmedia/studio/15584/15584_20181008021142589_bootstrap.js, line 192: unreachable code after return statement
JavaScript warning: https://s0.2mdn.net/ads/richmedia/studio/pv2/63709210/dirty/fbf.js, line 861: Using //@ to indicate sourceMappingURL pragmas is deprecated. Use //# instead
JavaScript warning: https://s0.2mdn.net/ads/richmedia/studio/pv2/63709210/dirty/fbf.js, line 861: Using //@ to indicate sourceMappingURL pragmas is deprecated. Use //# instead
JavaScript warning: https://s0.2mdn.net/ads/richmedia/studio/15584/15584_20181008021142589_bootstrap.js, line 192: unreachable code after return statement
JavaScript warning: https://s0.2mdn.net/ads/richmedia/studio/pv2/63709210/dirty/fbf.js, line 861: Using //@ to indicate sourceMappingURL pragmas is deprecated. Use //# instead
JavaScript warning: https://s0.2mdn.net/ads/richmedia/studio/pv2/63709210/dirty/fbf.js, line 861: Using //@ to indicate sourceMappingURL pragmas is deprecated. Use //# instead
console.error: (new Error("Connection closed before committing the transaction.", "resource://gre/modules/Sqlite.jsm", 683))
1570901273604	Marionette	INFO	Stopped listening on port 44879
console.error: (new Error("Connection closed before committing the transaction.", "resource://gre/modules/Sqlite.jsm", 683))
1570901276199	Marionette	INFO	Stopped listening on port 42777
